<?xml version="1.0" encoding="UTF-8"?>
<!-- Generated by org.testng.reporters.JUnitReportReporter -->
<testsuite hostname="DESKTOP-Q5LAQDP" failures="0" tests="1" name="TestCases.HomeTests.SettingsTest" time="13.665" errors="0" timestamp="2022-07-30T10:38:50 IST" skipped="0">
  <testcase classname="TestCases.HomeTests.SettingsTest" name="verifyEditProfileButtonTest" time="13.665"/>
  <system-out/>
</testsuite> <!-- TestCases.HomeTests.SettingsTest -->
